undefined
{"level":"error","message":"Something went wrong Example error","stack":"Error: Example error\n    at eval (eval at runInlinedModule (file:///C:/Users/Pearl%20-%20Admin/Desktop/jai/shopifyApp/shopify-sync-app/node_modules/vite/dist/node/module-runner.js:1062:11), <anonymous>:23:60)\n    at ESModulesEvaluator.runInlinedModule (file:///C:/Users/Pearl%20-%20Admin/Desktop/jai/shopifyApp/shopify-sync-app/node_modules/vite/dist/node/module-runner.js:1062:5)\n    at SSRCompatModuleRunner.directRequest (file:///C:/Users/Pearl%20-%20Admin/Desktop/jai/shopifyApp/shopify-sync-app/node_modules/vite/dist/node/module-runner.js:1284:61)\n    at SSRCompatModuleRunner.directRequest (file:///C:/Users/Pearl%20-%20Admin/Desktop/jai/shopifyApp/shopify-sync-app/node_modules/vite/dist/node/chunks/dep-DBxKXgDP.js:25274:23)\n    at SSRCompatModuleRunner.cachedRequest (file:///C:/Users/Pearl%20-%20Admin/Desktop/jai/shopifyApp/shopify-sync-app/node_modules/vite/dist/node/module-runner.js:1180:76)\n    at eval (eval at runInlinedModule (file:///C:/Users/Pearl%20-%20Admin/Desktop/jai/shopifyApp/shopify-sync-app/node_modules/vite/dist/node/module-runner.js:1062:11), <anonymous>:11:31)\n    at ESModulesEvaluator.runInlinedModule (file:///C:/Users/Pearl%20-%20Admin/Desktop/jai/shopifyApp/shopify-sync-app/node_modules/vite/dist/node/module-runner.js:1062:5)\n    at SSRCompatModuleRunner.directRequest (file:///C:/Users/Pearl%20-%20Admin/Desktop/jai/shopifyApp/shopify-sync-app/node_modules/vite/dist/node/module-runner.js:1284:61)\n    at SSRCompatModuleRunner.directRequest (file:///C:/Users/Pearl%20-%20Admin/Desktop/jai/shopifyApp/shopify-sync-app/node_modules/vite/dist/node/chunks/dep-DBxKXgDP.js:25274:23)\n    at SSRCompatModuleRunner.cachedRequest (file:///C:/Users/Pearl%20-%20Admin/Desktop/jai/shopifyApp/shopify-sync-app/node_modules/vite/dist/node/module-runner.js:1180:76)\n    at eval (\u0000virtual:remix/server-build:13:35)\n    at ESModulesEvaluator.runInlinedModule (file:///C:/Users/Pearl%20-%20Admin/Desktop/jai/shopifyApp/shopify-sync-app/node_modules/vite/dist/node/module-runner.js:1062:5)\n    at SSRCompatModuleRunner.directRequest (file:///C:/Users/Pearl%20-%20Admin/Desktop/jai/shopifyApp/shopify-sync-app/node_modules/vite/dist/node/module-runner.js:1284:61)\n    at SSRCompatModuleRunner.directRequest (file:///C:/Users/Pearl%20-%20Admin/Desktop/jai/shopifyApp/shopify-sync-app/node_modules/vite/dist/node/chunks/dep-DBxKXgDP.js:25274:23)","timestamp":"2025-06-17T08:47:35.026Z"}
{"level":"error","message":"Something went wrong Example error","stack":"Error: Example error\n    at eval (eval at runInlinedModule (file:///C:/Users/Pearl%20-%20Admin/Desktop/jai/shopifyApp/shopify-sync-app/node_modules/vite/dist/node/module-runner.js:1062:11), <anonymous>:23:60)\n    at ESModulesEvaluator.runInlinedModule (file:///C:/Users/Pearl%20-%20Admin/Desktop/jai/shopifyApp/shopify-sync-app/node_modules/vite/dist/node/module-runner.js:1062:5)\n    at SSRCompatModuleRunner.directRequest (file:///C:/Users/Pearl%20-%20Admin/Desktop/jai/shopifyApp/shopify-sync-app/node_modules/vite/dist/node/module-runner.js:1284:61)\n    at SSRCompatModuleRunner.directRequest (file:///C:/Users/Pearl%20-%20Admin/Desktop/jai/shopifyApp/shopify-sync-app/node_modules/vite/dist/node/chunks/dep-DBxKXgDP.js:25274:23)\n    at SSRCompatModuleRunner.cachedRequest (file:///C:/Users/Pearl%20-%20Admin/Desktop/jai/shopifyApp/shopify-sync-app/node_modules/vite/dist/node/module-runner.js:1180:76)\n    at eval (eval at runInlinedModule (file:///C:/Users/Pearl%20-%20Admin/Desktop/jai/shopifyApp/shopify-sync-app/node_modules/vite/dist/node/module-runner.js:1062:11), <anonymous>:11:31)\n    at ESModulesEvaluator.runInlinedModule (file:///C:/Users/Pearl%20-%20Admin/Desktop/jai/shopifyApp/shopify-sync-app/node_modules/vite/dist/node/module-runner.js:1062:5)\n    at SSRCompatModuleRunner.directRequest (file:///C:/Users/Pearl%20-%20Admin/Desktop/jai/shopifyApp/shopify-sync-app/node_modules/vite/dist/node/module-runner.js:1284:61)\n    at SSRCompatModuleRunner.directRequest (file:///C:/Users/Pearl%20-%20Admin/Desktop/jai/shopifyApp/shopify-sync-app/node_modules/vite/dist/node/chunks/dep-DBxKXgDP.js:25274:23)\n    at SSRCompatModuleRunner.cachedRequest (file:///C:/Users/Pearl%20-%20Admin/Desktop/jai/shopifyApp/shopify-sync-app/node_modules/vite/dist/node/module-runner.js:1180:76)\n    at eval (\u0000virtual:remix/server-build:13:35)\n    at ESModulesEvaluator.runInlinedModule (file:///C:/Users/Pearl%20-%20Admin/Desktop/jai/shopifyApp/shopify-sync-app/node_modules/vite/dist/node/module-runner.js:1062:5)\n    at SSRCompatModuleRunner.directRequest (file:///C:/Users/Pearl%20-%20Admin/Desktop/jai/shopifyApp/shopify-sync-app/node_modules/vite/dist/node/module-runner.js:1284:61)\n    at SSRCompatModuleRunner.directRequest (file:///C:/Users/Pearl%20-%20Admin/Desktop/jai/shopifyApp/shopify-sync-app/node_modules/vite/dist/node/chunks/dep-DBxKXgDP.js:25274:23)","timestamp":"2025-06-17T08:50:01.415Z"}
{"level":"error","message":"formatDate is not defined","stack":"ReferenceError: formatDate is not defined\n    at createOrder (eval at runInlinedModule (file:///C:/Users/Pearl%20-%20Admin/Desktop/jai/shopifyApp/shopify-sync-app/node_modules/vite/dist/node/module-runner.js:1062:11), <anonymous>:96:41)\n    at action (eval at runInlinedModule (file:///C:/Users/Pearl%20-%20Admin/Desktop/jai/shopifyApp/shopify-sync-app/node_modules/vite/dist/node/module-runner.js:1062:11), <anonymous>:64:20)\n    at Object.callRouteAction (C:\\Users\\Pearl - Admin\\Desktop\\jai\\shopifyApp\\shopify-sync-app\\node_modules\\@remix-run\\server-runtime\\dist\\data.js:36:16)\n    at C:\\Users\\Pearl - Admin\\Desktop\\jai\\shopifyApp\\shopify-sync-app\\node_modules\\@remix-run\\router\\router.ts:4934:19\n    at callLoaderOrAction (C:\\Users\\Pearl - Admin\\Desktop\\jai\\shopifyApp\\shopify-sync-app\\node_modules\\@remix-run\\router\\router.ts:4998:16)\n    at async Promise.all (index 0)\n    at defaultDataStrategy (C:\\Users\\Pearl - Admin\\Desktop\\jai\\shopifyApp\\shopify-sync-app\\node_modules\\@remix-run\\router\\router.ts:4807:17)\n    at callDataStrategyImpl (C:\\Users\\Pearl - Admin\\Desktop\\jai\\shopifyApp\\shopify-sync-app\\node_modules\\@remix-run\\router\\router.ts:4870:17)\n    at callDataStrategy (C:\\Users\\Pearl - Admin\\Desktop\\jai\\shopifyApp\\shopify-sync-app\\node_modules\\@remix-run\\router\\router.ts:4027:19)\n    at submit (C:\\Users\\Pearl - Admin\\Desktop\\jai\\shopifyApp\\shopify-sync-app\\node_modules\\@remix-run\\router\\router.ts:3790:21)\n    at queryImpl (C:\\Users\\Pearl - Admin\\Desktop\\jai\\shopifyApp\\shopify-sync-app\\node_modules\\@remix-run\\router\\router.ts:3719:22)\n    at Object.queryRoute (C:\\Users\\Pearl - Admin\\Desktop\\jai\\shopifyApp\\shopify-sync-app\\node_modules\\@remix-run\\router\\router.ts:3664:18)\n    at handleDataRequest (C:\\Users\\Pearl - Admin\\Desktop\\jai\\shopifyApp\\shopify-sync-app\\node_modules\\@remix-run\\server-runtime\\dist\\server.js:234:20)\n    at requestHandler (C:\\Users\\Pearl - Admin\\Desktop\\jai\\shopifyApp\\shopify-sync-app\\node_modules\\@remix-run\\server-runtime\\dist\\server.js:128:18)\n    at nodeHandler (C:\\Users\\Pearl - Admin\\Desktop\\jai\\shopifyApp\\shopify-sync-app\\node_modules\\@remix-run\\dev\\dist\\vite\\plugin.js:859:27)\n    at C:\\Users\\Pearl - Admin\\Desktop\\jai\\shopifyApp\\shopify-sync-app\\node_modules\\@remix-run\\dev\\dist\\vite\\plugin.js:862:15","timestamp":"2025-06-17T11:00:30.065Z"}
{"level":"error","message":"User not found for shop teststore-pearl.myshopify.com","timestamp":"2025-06-17T11:30:54.219Z"}
{"level":"error","message":"User not found","stack":"Error: User not found\n    at createOrder (eval at runInlinedModule (file:///C:/Users/Pearl%20-%20Admin/Desktop/jai/shopifyApp/shopify-sync-app/node_modules/vite/dist/node/module-runner.js:1062:11), <anonymous>:55:19)\n    at action (eval at runInlinedModule (file:///C:/Users/Pearl%20-%20Admin/Desktop/jai/shopifyApp/shopify-sync-app/node_modules/vite/dist/node/module-runner.js:1062:11), <anonymous>:61:20)\n    at Object.callRouteAction (C:\\Users\\Pearl - Admin\\Desktop\\jai\\shopifyApp\\shopify-sync-app\\node_modules\\@remix-run\\server-runtime\\dist\\data.js:36:16)\n    at C:\\Users\\Pearl - Admin\\Desktop\\jai\\shopifyApp\\shopify-sync-app\\node_modules\\@remix-run\\router\\router.ts:4934:19\n    at callLoaderOrAction (C:\\Users\\Pearl - Admin\\Desktop\\jai\\shopifyApp\\shopify-sync-app\\node_modules\\@remix-run\\router\\router.ts:4998:16)\n    at async Promise.all (index 0)\n    at defaultDataStrategy (C:\\Users\\Pearl - Admin\\Desktop\\jai\\shopifyApp\\shopify-sync-app\\node_modules\\@remix-run\\router\\router.ts:4807:17)\n    at callDataStrategyImpl (C:\\Users\\Pearl - Admin\\Desktop\\jai\\shopifyApp\\shopify-sync-app\\node_modules\\@remix-run\\router\\router.ts:4870:17)\n    at callDataStrategy (C:\\Users\\Pearl - Admin\\Desktop\\jai\\shopifyApp\\shopify-sync-app\\node_modules\\@remix-run\\router\\router.ts:4027:19)\n    at submit (C:\\Users\\Pearl - Admin\\Desktop\\jai\\shopifyApp\\shopify-sync-app\\node_modules\\@remix-run\\router\\router.ts:3790:21)\n    at queryImpl (C:\\Users\\Pearl - Admin\\Desktop\\jai\\shopifyApp\\shopify-sync-app\\node_modules\\@remix-run\\router\\router.ts:3719:22)\n    at Object.queryRoute (C:\\Users\\Pearl - Admin\\Desktop\\jai\\shopifyApp\\shopify-sync-app\\node_modules\\@remix-run\\router\\router.ts:3664:18)\n    at handleDataRequest (C:\\Users\\Pearl - Admin\\Desktop\\jai\\shopifyApp\\shopify-sync-app\\node_modules\\@remix-run\\server-runtime\\dist\\server.js:234:20)\n    at requestHandler (C:\\Users\\Pearl - Admin\\Desktop\\jai\\shopifyApp\\shopify-sync-app\\node_modules\\@remix-run\\server-runtime\\dist\\server.js:128:18)\n    at nodeHandler (C:\\Users\\Pearl - Admin\\Desktop\\jai\\shopifyApp\\shopify-sync-app\\node_modules\\@remix-run\\dev\\dist\\vite\\plugin.js:859:27)\n    at C:\\Users\\Pearl - Admin\\Desktop\\jai\\shopifyApp\\shopify-sync-app\\node_modules\\@remix-run\\dev\\dist\\vite\\plugin.js:862:15","timestamp":"2025-06-17T11:30:54.220Z"}
{"level":"error","message":"User not found for shop teststore-pearl.myshopify.com","timestamp":"2025-06-17T11:44:49.708Z"}
{"level":"error","message":"result is not defined","stack":"ReferenceError: result is not defined\n    at eval (eval at runInlinedModule (file:///C:/Users/Pearl%20-%20Admin/Desktop/jai/shopifyApp/shopify-sync-app/node_modules/vite/dist/node/module-runner.js:1062:11), <anonymous>:148:51)\n    at processTicksAndRejections (node:internal/process/task_queues:105:5)\n    at async Promise.all (index 0)\n    at createOrder (eval at runInlinedModule (file:///C:/Users/Pearl%20-%20Admin/Desktop/jai/shopifyApp/shopify-sync-app/node_modules/vite/dist/node/module-runner.js:1062:11), <anonymous>:159:25)\n    at action (eval at runInlinedModule (file:///C:/Users/Pearl%20-%20Admin/Desktop/jai/shopifyApp/shopify-sync-app/node_modules/vite/dist/node/module-runner.js:1062:11), <anonymous>:63:20)\n    at Object.callRouteAction (C:\\Users\\Pearl - Admin\\Desktop\\jai\\shopifyApp\\shopify-sync-app\\node_modules\\@remix-run\\server-runtime\\dist\\data.js:36:16)\n    at C:\\Users\\Pearl - Admin\\Desktop\\jai\\shopifyApp\\shopify-sync-app\\node_modules\\@remix-run\\router\\router.ts:4934:19\n    at callLoaderOrAction (C:\\Users\\Pearl - Admin\\Desktop\\jai\\shopifyApp\\shopify-sync-app\\node_modules\\@remix-run\\router\\router.ts:4998:16)\n    at async Promise.all (index 0)\n    at defaultDataStrategy (C:\\Users\\Pearl - Admin\\Desktop\\jai\\shopifyApp\\shopify-sync-app\\node_modules\\@remix-run\\router\\router.ts:4807:17)\n    at callDataStrategyImpl (C:\\Users\\Pearl - Admin\\Desktop\\jai\\shopifyApp\\shopify-sync-app\\node_modules\\@remix-run\\router\\router.ts:4870:17)\n    at callDataStrategy (C:\\Users\\Pearl - Admin\\Desktop\\jai\\shopifyApp\\shopify-sync-app\\node_modules\\@remix-run\\router\\router.ts:4027:19)\n    at submit (C:\\Users\\Pearl - Admin\\Desktop\\jai\\shopifyApp\\shopify-sync-app\\node_modules\\@remix-run\\router\\router.ts:3790:21)\n    at queryImpl (C:\\Users\\Pearl - Admin\\Desktop\\jai\\shopifyApp\\shopify-sync-app\\node_modules\\@remix-run\\router\\router.ts:3719:22)\n    at Object.queryRoute (C:\\Users\\Pearl - Admin\\Desktop\\jai\\shopifyApp\\shopify-sync-app\\node_modules\\@remix-run\\router\\router.ts:3664:18)\n    at handleDataRequest (C:\\Users\\Pearl - Admin\\Desktop\\jai\\shopifyApp\\shopify-sync-app\\node_modules\\@remix-run\\server-runtime\\dist\\server.js:234:20)\n    at requestHandler (C:\\Users\\Pearl - Admin\\Desktop\\jai\\shopifyApp\\shopify-sync-app\\node_modules\\@remix-run\\server-runtime\\dist\\server.js:128:18)\n    at nodeHandler (C:\\Users\\Pearl - Admin\\Desktop\\jai\\shopifyApp\\shopify-sync-app\\node_modules\\@remix-run\\dev\\dist\\vite\\plugin.js:859:27)\n    at C:\\Users\\Pearl - Admin\\Desktop\\jai\\shopifyApp\\shopify-sync-app\\node_modules\\@remix-run\\dev\\dist\\vite\\plugin.js:862:15","timestamp":"2025-06-18T06:34:05.359Z"}
{"level":"error","message":"API - Create Order AxiosError: Request failed with status code 403","timestamp":"2025-06-18T06:35:46.759Z"}
{"level":"error","message":"API - Create Order [object Object]","timestamp":"2025-06-18T06:36:54.220Z"}
{"level":"error","message":"Converting circular structure to JSON\n    --> starting at object with constructor 'ClientRequest'\n    |     property 'res' -> object with constructor 'IncomingMessage'\n    --- property 'req' closes the circle","stack":"TypeError: Converting circular structure to JSON\n    --> starting at object with constructor 'ClientRequest'\n    |     property 'res' -> object with constructor 'IncomingMessage'\n    --- property 'req' closes the circle\n    at JSON.stringify (<anonymous>)\n    at eval (eval at runInlinedModule (file:///C:/Users/Pearl%20-%20Admin/Desktop/jai/shopifyApp/shopify-sync-app/node_modules/vite/dist/node/module-runner.js:1062:11), <anonymous>:148:83)\n    at processTicksAndRejections (node:internal/process/task_queues:105:5)\n    at async Promise.all (index 0)\n    at createOrder (eval at runInlinedModule (file:///C:/Users/Pearl%20-%20Admin/Desktop/jai/shopifyApp/shopify-sync-app/node_modules/vite/dist/node/module-runner.js:1062:11), <anonymous>:159:25)\n    at action (eval at runInlinedModule (file:///C:/Users/Pearl%20-%20Admin/Desktop/jai/shopifyApp/shopify-sync-app/node_modules/vite/dist/node/module-runner.js:1062:11), <anonymous>:63:20)\n    at Object.callRouteAction (C:\\Users\\Pearl - Admin\\Desktop\\jai\\shopifyApp\\shopify-sync-app\\node_modules\\@remix-run\\server-runtime\\dist\\data.js:36:16)\n    at C:\\Users\\Pearl - Admin\\Desktop\\jai\\shopifyApp\\shopify-sync-app\\node_modules\\@remix-run\\router\\router.ts:4934:19\n    at callLoaderOrAction (C:\\Users\\Pearl - Admin\\Desktop\\jai\\shopifyApp\\shopify-sync-app\\node_modules\\@remix-run\\router\\router.ts:4998:16)\n    at async Promise.all (index 0)\n    at defaultDataStrategy (C:\\Users\\Pearl - Admin\\Desktop\\jai\\shopifyApp\\shopify-sync-app\\node_modules\\@remix-run\\router\\router.ts:4807:17)\n    at callDataStrategyImpl (C:\\Users\\Pearl - Admin\\Desktop\\jai\\shopifyApp\\shopify-sync-app\\node_modules\\@remix-run\\router\\router.ts:4870:17)\n    at callDataStrategy (C:\\Users\\Pearl - Admin\\Desktop\\jai\\shopifyApp\\shopify-sync-app\\node_modules\\@remix-run\\router\\router.ts:4027:19)\n    at submit (C:\\Users\\Pearl - Admin\\Desktop\\jai\\shopifyApp\\shopify-sync-app\\node_modules\\@remix-run\\router\\router.ts:3790:21)\n    at queryImpl (C:\\Users\\Pearl - Admin\\Desktop\\jai\\shopifyApp\\shopify-sync-app\\node_modules\\@remix-run\\router\\router.ts:3719:22)\n    at Object.queryRoute (C:\\Users\\Pearl - Admin\\Desktop\\jai\\shopifyApp\\shopify-sync-app\\node_modules\\@remix-run\\router\\router.ts:3664:18)\n    at handleDataRequest (C:\\Users\\Pearl - Admin\\Desktop\\jai\\shopifyApp\\shopify-sync-app\\node_modules\\@remix-run\\server-runtime\\dist\\server.js:234:20)\n    at requestHandler (C:\\Users\\Pearl - Admin\\Desktop\\jai\\shopifyApp\\shopify-sync-app\\node_modules\\@remix-run\\server-runtime\\dist\\server.js:128:18)\n    at nodeHandler (C:\\Users\\Pearl - Admin\\Desktop\\jai\\shopifyApp\\shopify-sync-app\\node_modules\\@remix-run\\dev\\dist\\vite\\plugin.js:859:27)\n    at C:\\Users\\Pearl - Admin\\Desktop\\jai\\shopifyApp\\shopify-sync-app\\node_modules\\@remix-run\\dev\\dist\\vite\\plugin.js:862:15","timestamp":"2025-06-18T06:37:22.076Z"}
{"level":"error","message":"API - Create Order undefined","timestamp":"2025-06-18T06:37:59.642Z"}
{"level":"error","message":"API - Create Order 403","timestamp":"2025-06-18T06:38:17.258Z"}
{"level":"error","message":"API - Create Order 403","timestamp":"2025-06-18T06:39:24.111Z"}
{"level":"error","message":"API - Sign in - No user exists for the shop teststore-pearl.myshopify.com","timestamp":"2025-06-18T07:12:38.496Z"}
{"level":"error","message":"API - Sign in - No user exists for the shop teststore-pearl.myshopify.com","timestamp":"2025-06-18T07:12:42.888Z"}
{"level":"error","message":"API - Sign in - No user exists for the shop teststore-pearl.myshopify.com","timestamp":"2025-06-18T07:12:49.556Z"}
{"level":"error","message":"API - Sign in - No user exists for the shop teststore-pearl.myshopify.com","timestamp":"2025-06-18T07:13:19.750Z"}
{"level":"error","message":"API - Sign in - No user exists for the shop teststore-pearl.myshopify.com","timestamp":"2025-06-18T07:13:24.007Z"}
{"level":"error","message":"API - Sign in - No user exists for the shop teststore-pearl.myshopify.com","timestamp":"2025-06-18T07:13:41.008Z"}
{"level":"error","message":"API - Sign in - No user exists for the shop teststore-pearl.myshopify.com","timestamp":"2025-06-18T09:18:08.998Z"}
{"level":"error","message":"API - Sign in - No user exists for the shop teststore-pearl.myshopify.com","timestamp":"2025-06-18T09:18:15.252Z"}
{"level":"error","message":"API - Sign in - No user exists for the shop teststore-pearl.myshopify.com","timestamp":"2025-06-18T09:19:32.804Z"}
{"level":"error","message":"API - Sign in - No user exists for the shop teststore-pearl.myshopify.com","timestamp":"2025-06-18T09:19:33.890Z"}
{"level":"error","message":"API - Sign in - No user exists for the shop teststore-pearl.myshopify.com","timestamp":"2025-06-18T09:19:34.580Z"}
{"level":"error","message":"API - Sign in - No user exists for the shop teststore-pearl.myshopify.com","timestamp":"2025-06-18T09:20:52.210Z"}
{"level":"error","message":"API - Sign in - No user exists for the shop teststore-pearl.myshopify.com","timestamp":"2025-06-18T09:21:36.863Z"}
{"level":"error","message":"API - Sign in - No user exists for the shop teststore-pearl.myshopify.com","timestamp":"2025-06-18T09:22:10.723Z"}
{"level":"error","message":"API - Create Order 403","timestamp":"2025-06-18T09:46:16.930Z"}
{"level":"error","message":"API - Create Order 403","timestamp":"2025-06-18T09:53:47.345Z"}
{"level":"error","message":"API - Create Order 403","timestamp":"2025-06-18T09:54:33.775Z"}
{"level":"error","message":"{\"name\":\"PrismaClientValidationError\",\"clientVersion\":\"6.8.2\"}","timestamp":"2025-06-18T09:54:34.042Z"}
{"level":"error","message":"API - Create Order 403","timestamp":"2025-06-18T09:54:34.129Z"}
{"level":"error","message":"API - Create Order 403","timestamp":"2025-06-18T09:58:33.777Z"}
{"level":"error","message":"{\"name\":\"PrismaClientValidationError\",\"clientVersion\":\"6.8.2\"}","timestamp":"2025-06-18T09:58:34.048Z"}
{"level":"error","message":"API - Create Order 403","timestamp":"2025-06-18T09:58:34.144Z"}
{"level":"error","message":"API - Create Order 403","timestamp":"2025-06-18T09:59:10.288Z"}
{"level":"error","message":"{\"name\":\"PrismaClientValidationError\",\"clientVersion\":\"6.8.2\"}","timestamp":"2025-06-18T09:59:10.522Z"}
{"level":"error","message":"API - Create Order 403","timestamp":"2025-06-18T09:59:10.603Z"}
{"level":"error","message":"API - Create Order 403","timestamp":"2025-06-18T10:00:24.936Z"}
{"level":"error","message":"API - Sign In - {\"name\":\"PrismaClientValidationError\",\"clientVersion\":\"6.8.2\"}","timestamp":"2025-06-18T10:00:25.190Z"}
{"level":"error","message":"API - Create Order 403","timestamp":"2025-06-18T10:00:25.301Z"}
{"level":"error","message":"API - Create Order 403","timestamp":"2025-06-18T10:01:19.784Z"}
{"level":"error","message":"API - Sign In - {\"name\":\"PrismaClientValidationError\",\"clientVersion\":\"6.8.2\"}","timestamp":"2025-06-18T10:01:20.013Z"}
{"level":"error","message":"API - Create Order 403","timestamp":"2025-06-18T10:01:20.117Z"}
{"level":"error","message":"API - Create Order 403","timestamp":"2025-06-18T10:02:12.709Z"}
{"level":"error","message":"API - Sign In - {\"name\":\"PrismaClientValidationError\",\"clientVersion\":\"6.8.2\"}","timestamp":"2025-06-18T10:02:12.959Z"}
{"level":"error","message":"API - Create Order 403","timestamp":"2025-06-18T10:02:13.055Z"}
{"level":"error","message":"API - Create Order 403","timestamp":"2025-06-18T10:03:37.978Z"}
{"level":"error","message":"API - Sign In - {\"name\":\"PrismaClientValidationError\",\"clientVersion\":\"6.8.2\"}","timestamp":"2025-06-18T10:03:38.190Z"}
{"level":"error","message":"API - Create Order 403","timestamp":"2025-06-18T10:03:38.265Z"}
{"level":"error","message":"API - Create Order 403","timestamp":"2025-06-18T10:04:00.901Z"}
{"level":"error","message":"API - Sign In - {\"name\":\"PrismaClientValidationError\",\"clientVersion\":\"6.8.2\"}","timestamp":"2025-06-18T10:04:01.121Z"}
{"level":"error","message":"API - Create Order 403","timestamp":"2025-06-18T10:04:01.232Z"}
{"level":"error","message":"API - Create Order 403","timestamp":"2025-06-18T10:04:38.653Z"}
{"level":"error","message":"API - Create Order 403","timestamp":"2025-06-18T10:42:04.386Z"}
{"level":"error","message":"Order API - ReferenceError: json is not defined","timestamp":"2025-06-18T12:43:40.345Z"}
{"level":"error","message":"API - Create Order 403","timestamp":"2025-06-18T12:59:32.832Z"}
{"level":"error","message":"API - Sign In - {}","timestamp":"2025-06-20T07:08:33.402Z"}
{"level":"error","message":"API - Sign In - {}","timestamp":"2025-06-20T07:08:48.793Z"}
{"level":"error","message":"API - Sign In - {}","timestamp":"2025-06-20T07:08:54.848Z"}
{"level":"error","message":"API - Sign In - {}","timestamp":"2025-06-20T07:09:28.684Z"}
{"level":"error","message":"API - Create Order 403","timestamp":"2025-06-20T07:10:18.878Z"}
{"level":"error","message":"API - Sign In - {}","timestamp":"2025-06-20T07:10:19.070Z"}
{"level":"error","message":"API - Create Order 403","timestamp":"2025-06-20T07:10:19.183Z"}
{"level":"error","message":"API - Sign In - {}","timestamp":"2025-06-20T07:11:03.839Z"}
{"level":"error","message":"API - Sign In - {}","timestamp":"2025-06-20T07:24:35.728Z"}
{"level":"error","message":"Order API - ReferenceError: GET_FULFILLMENT_ORDERS is not defined","timestamp":"2025-06-20T10:32:45.145Z"}
{"level":"error","message":"Fulfillment Orders API - ReferenceError: Cannot access 'cursor' before initialization","timestamp":"2025-06-20T10:34:07.648Z"}
{"level":"error","message":"Fulfillment order - {\"errors\":[{\"message\":\"Field 'id' doesn't exist on type 'FulfillmentOrderConnection'\",\"locations\":[{\"line\":6,\"column\":7}],\"path\":[\"query getFulfillmentOrders\",\"order\",\"fulfillmentOrders\",\"id\"],\"extensions\":{\"code\":\"undefinedField\",\"typeName\":\"FulfillmentOrderConnection\",\"fieldName\":\"id\"}}]}","timestamp":"2025-06-20T10:36:27.341Z"}
{"level":"error","message":"Fulfillment Orders API - {}","timestamp":"2025-06-20T10:42:32.609Z"}
{"level":"error","message":"Fulfillment Orders API - {}","timestamp":"2025-06-20T10:44:03.038Z"}
{"level":"error","message":"Fulfillment Orders API - Error - {}","timestamp":"2025-06-20T10:45:28.083Z"}
{"level":"error","message":"Fulfillment Orders API - Error - {}","timestamp":"2025-06-20T10:49:28.933Z"}
{"level":"error","message":"Fulfillment Orders API - Error - {}","timestamp":"2025-06-20T10:49:53.146Z"}
{"level":"error","message":"Fulfillment Orders API - Error - {}","timestamp":"2025-06-20T10:51:02.016Z"}
{"level":"error","message":"Fulfillment Orders API - Error - {}","timestamp":"2025-06-20T10:51:48.991Z"}
{"level":"error","message":"Fulfillment Orders API - Error - {}","timestamp":"2025-06-20T10:53:03.588Z"}
{"level":"error","message":"Fulfillment Orders API - Error - {}","timestamp":"2025-06-20T10:53:31.456Z"}
{"level":"error","message":"Fulfillment Orders API - Error - {}","timestamp":"2025-06-20T10:54:23.872Z"}
{"level":"error","message":"Fulfillment Orders API - Error - {}","timestamp":"2025-06-20T10:58:01.333Z"}
{"level":"error","message":"Fulfillment Orders API - Error - {}","timestamp":"2025-06-20T10:59:01.787Z"}
{"level":"error","message":"Fulfillment Orders API - Error - {}","timestamp":"2025-06-20T10:59:40.608Z"}
{"level":"error","message":"Fulfillment Orders API - Error - {}","timestamp":"2025-06-23T05:54:44.114Z"}
{"level":"error","message":"Fulfillment Orders API - Error - {}","timestamp":"2025-06-23T05:55:12.830Z"}
{"level":"error","message":"Fulfillment Orders API - Error - {}","timestamp":"2025-06-23T05:58:09.659Z"}
{"level":"error","message":"Fulfillment Orders API - Error - {}","timestamp":"2025-06-23T06:12:02.694Z"}
{"level":"error","message":"Fulfillment Orders API - Error - {}","timestamp":"2025-06-23T06:23:23.192Z"}
{"level":"error","message":"Fulfillment Orders API - Error - {}","timestamp":"2025-06-23T06:23:53.888Z"}
{"level":"error","message":"Fulfillment Orders API - Error - {}","timestamp":"2025-06-23T06:46:20.414Z"}
{"level":"error","message":"Fulfillment Orders API - Error - {}","timestamp":"2025-06-23T07:22:17.504Z"}
